<?xml version="1.0" encoding="UTF-8"?>
<!-- Generated by org.testng.reporters.JUnitXMLReporter -->
<testsuite hostname="pc" ignored="0" name="Test" tests="8" failures="0" timestamp="2020-04-12T19:03:54 IST" time="0.114" errors="0">
  <testcase name="demo1_A" time="0.018" classname="com.pranicompany.app.Demo1_test"/>
  <testcase name="demo1_B" time="0.002" classname="com.pranicompany.app.Demo1_test"/>
  <testcase name="demo2_A" time="0.002" classname="com.pranicompany.app.Demo2_test"/>
  <testcase name="demo2_B" time="0.001" classname="com.pranicompany.app.Demo2_test"/>
  <testcase name="demo3_A" time="0.004" classname="com.pranicompany.app.Demo3_test"/>
  <testcase name="demo3_B" time="0.002" classname="com.pranicompany.app.Demo3_test"/>
  <testcase name="demo4_A" time="0.003" classname="com.pranicompany.app.Demo4_test"/>
  <testcase name="demo4_B" time="0.002" classname="com.pranicompany.app.Demo4_test"/>
</testsuite> <!-- Test -->
