<?xml version="1.0" encoding="UTF-8"?>
<!-- Generated by org.testng.reporters.JUnitXMLReporter -->
<testsuite hostname="pc" ignored="0" name="Cogmento" tests="3" failures="0" timestamp="2020-04-15T09:51:22 IST" time="88.752" errors="0">
  <testcase name="footer_Elements" time="11.107" classname="com.pranicompany.test.Demo4_test"/>
  <testcase name="Best_Sellers" time="1.615" classname="com.pranicompany.test.Demo4_test"/>
  <testcase name="menu_Elements" time="4.2" classname="com.pranicompany.test.Demo1_test"/>
</testsuite> <!-- Cogmento -->
