<?xml version="1.0" encoding="UTF-8"?>
<!-- Generated by org.testng.reporters.JUnitXMLReporter -->
<testsuite hostname="pc" ignored="0" name="Test" tests="4" failures="0" timestamp="2020-04-15T09:49:27 IST" time="0.075" errors="0">
  <testcase name="demo2_A" time="0.006" classname="com.pranicompany.test.Demo2_test"/>
  <testcase name="demo2_B" time="0.0" classname="com.pranicompany.test.Demo2_test"/>
  <testcase name="demo3_A" time="0.005" classname="com.pranicompany.test.Demo3_test"/>
  <testcase name="demo3_B" time="0.001" classname="com.pranicompany.test.Demo3_test"/>
</testsuite> <!-- Test -->
