<?xml version="1.0" encoding="UTF-8"?>
<testng-results skipped="0" failed="0" ignored="0" total="1" passed="1">
  <reporter-output>
  </reporter-output>
  <suite name="Suite" duration-ms="88752" started-at="2020-04-15T09:49:53 IST" finished-at="2020-04-15T09:51:22 IST">
    <groups>
    </groups>
    <test name="Cogmento" duration-ms="88752" started-at="2020-04-15T09:49:53 IST" finished-at="2020-04-15T09:51:22 IST">
      <class name="com.pranicompany.test.Demo1_test">
        <test-method status="PASS" signature="config(java.lang.String)[pri:0, instance:com.pranicompany.test.Demo1_test@31dc339b]" name="config" is-config="true" duration-ms="84371" started-at="2020-04-15T09:49:53 IST" finished-at="2020-04-15T09:51:17 IST">
          <params>
            <param index="0">
              <value>
                <![CDATA[https://ui.cogmento.com/]]>
              </value>
            </param>
          </params>
          <reporter-output>
          </reporter-output>
        </test-method> <!-- config -->
        <test-method status="PASS" signature="menu_Elements()[pri:0, instance:com.pranicompany.test.Demo1_test@31dc339b]" name="menu_Elements" duration-ms="4200" started-at="2020-04-15T09:51:17 IST" finished-at="2020-04-15T09:51:21 IST">
          <reporter-output>
          </reporter-output>
        </test-method> <!-- menu_Elements -->
        <test-method status="PASS" signature="close()[pri:0, instance:com.pranicompany.test.Demo1_test@31dc339b]" name="close" is-config="true" duration-ms="140" started-at="2020-04-15T09:51:21 IST" finished-at="2020-04-15T09:51:22 IST">
          <reporter-output>
          </reporter-output>
        </test-method> <!-- close -->
      </class> <!-- com.pranicompany.test.Demo1_test -->
    </test> <!-- Cogmento -->
  </suite> <!-- Suite -->
</testng-results>
