<?xml version="1.0" encoding="UTF-8"?>
<testng-results skipped="0" failed="0" ignored="0" total="3" passed="3">
  <reporter-output>
  </reporter-output>
  <suite name="Suite" duration-ms="37704" started-at="2020-04-12T19:28:02 IST" finished-at="2020-04-12T19:28:40 IST">
    <groups>
    </groups>
    <test name="Amazon" duration-ms="27402" started-at="2020-04-12T19:28:02 IST" finished-at="2020-04-12T19:28:29 IST">
      <class name="com.pranicompany.test.Demo4_test">
        <test-method status="PASS" signature="setProperty()[pri:0, instance:com.pranicompany.test.Demo4_test@3b088d51]" name="setProperty" is-config="true" duration-ms="12" started-at="2020-04-12T19:28:02 IST" finished-at="2020-04-12T19:28:02 IST">
          <reporter-output>
          </reporter-output>
        </test-method> <!-- setProperty -->
        <test-method status="PASS" signature="OpenURL(java.lang.String)[pri:0, instance:com.pranicompany.test.Demo4_test@3b088d51]" name="OpenURL" is-config="true" duration-ms="13790" started-at="2020-04-12T19:28:02 IST" finished-at="2020-04-12T19:28:16 IST">
          <params>
            <param index="0">
              <value>
                <![CDATA[https://www.amazon.in]]>
              </value>
            </param>
          </params>
          <reporter-output>
          </reporter-output>
        </test-method> <!-- OpenURL -->
        <test-method status="PASS" signature="menu_Elements()[pri:1, instance:com.pranicompany.test.Demo4_test@3b088d51]" name="menu_Elements" duration-ms="8190" started-at="2020-04-12T19:28:16 IST" finished-at="2020-04-12T19:28:24 IST">
          <reporter-output>
          </reporter-output>
        </test-method> <!-- menu_Elements -->
        <test-method status="PASS" signature="close()[pri:0, instance:com.pranicompany.test.Demo4_test@3b088d51]" name="close" is-config="true" duration-ms="95" started-at="2020-04-12T19:28:24 IST" finished-at="2020-04-12T19:28:24 IST">
          <reporter-output>
          </reporter-output>
        </test-method> <!-- close -->
        <test-method status="PASS" signature="OpenURL(java.lang.String)[pri:0, instance:com.pranicompany.test.Demo4_test@3b088d51]" name="OpenURL" is-config="true" duration-ms="3465" started-at="2020-04-12T19:28:24 IST" finished-at="2020-04-12T19:28:27 IST">
          <params>
            <param index="0">
              <value>
                <![CDATA[https://www.amazon.in]]>
              </value>
            </param>
          </params>
          <reporter-output>
          </reporter-output>
        </test-method> <!-- OpenURL -->
        <test-method status="PASS" signature="Best_Sellers()[pri:2, instance:com.pranicompany.test.Demo4_test@3b088d51]" name="Best_Sellers" duration-ms="1507" started-at="2020-04-12T19:28:27 IST" finished-at="2020-04-12T19:28:29 IST">
          <reporter-output>
          </reporter-output>
        </test-method> <!-- Best_Sellers -->
        <test-method status="PASS" signature="close()[pri:0, instance:com.pranicompany.test.Demo4_test@3b088d51]" name="close" is-config="true" duration-ms="279" started-at="2020-04-12T19:28:29 IST" finished-at="2020-04-12T19:28:29 IST">
          <reporter-output>
          </reporter-output>
        </test-method> <!-- close -->
      </class> <!-- com.pranicompany.test.Demo4_test -->
    </test> <!-- Amazon -->
    <test name="Cogmento" duration-ms="10276" started-at="2020-04-12T19:28:29 IST" finished-at="2020-04-12T19:28:40 IST">
      <class name="com.pranicompany.test.Demo1_test">
        <test-method status="PASS" signature="config(java.lang.String)[pri:0, instance:com.pranicompany.test.Demo1_test@17d677df]" name="config" is-config="true" duration-ms="6179" started-at="2020-04-12T19:28:29 IST" finished-at="2020-04-12T19:28:35 IST">
          <params>
            <param index="0">
              <value>
                <![CDATA[https://ui.cogmento.com/]]>
              </value>
            </param>
          </params>
          <reporter-output>
          </reporter-output>
        </test-method> <!-- config -->
        <test-method status="PASS" signature="menu_Elements()[pri:0, instance:com.pranicompany.test.Demo1_test@17d677df]" name="menu_Elements" duration-ms="3917" started-at="2020-04-12T19:28:35 IST" finished-at="2020-04-12T19:28:39 IST">
          <reporter-output>
          </reporter-output>
        </test-method> <!-- menu_Elements -->
        <test-method status="PASS" signature="close()[pri:0, instance:com.pranicompany.test.Demo1_test@17d677df]" name="close" is-config="true" duration-ms="176" started-at="2020-04-12T19:28:39 IST" finished-at="2020-04-12T19:28:40 IST">
          <reporter-output>
          </reporter-output>
        </test-method> <!-- close -->
      </class> <!-- com.pranicompany.test.Demo1_test -->
    </test> <!-- Cogmento -->
  </suite> <!-- Suite -->
</testng-results>
